[debug] [2024-12-07T14:17:55.634Z] ----------------------------------------------------------------------
[debug] [2024-12-07T14:17:55.636Z] Command:       C:\Program Files\nodejs\node.exe C:\Users\bhawa\AppData\Roaming\npm\node_modules\firebase-tools\lib\bin\firebase.js init
[debug] [2024-12-07T14:17:55.636Z] CLI Version:   13.27.0
[debug] [2024-12-07T14:17:55.636Z] Platform:      win32
[debug] [2024-12-07T14:17:55.636Z] Node Version:  v20.17.0
[debug] [2024-12-07T14:17:55.636Z] Time:          Sat Dec 07 2024 19:47:55 GMT+0530 (India Standard Time)
[debug] [2024-12-07T14:17:55.637Z] ----------------------------------------------------------------------
[debug] 
[debug] [2024-12-07T14:17:55.692Z] > command requires scopes: ["email","openid","https://www.googleapis.com/auth/cloudplatformprojects.readonly","https://www.googleapis.com/auth/firebase","https://www.googleapis.com/auth/cloud-platform"]
[debug] [2024-12-07T14:17:55.692Z] > authorizing via signed-in user (harshitvyas880@gmail.com)
[info] 
     ######## #### ########  ######## ########     ###     ######  ########
     ##        ##  ##     ## ##       ##     ##  ##   ##  ##       ##
     ######    ##  ########  ######   ########  #########  ######  ######
     ##        ##  ##    ##  ##       ##     ## ##     ##       ## ##
     ##       #### ##     ## ######## ########  ##     ##  ######  ########

You're about to initialize a Firebase project in this directory:

  D:\forntEndProject

Before we get started, keep in mind:

  * You are initializing within an existing Firebase project directory

[info] 
=== Project Setup
[info] 
[info] First, let's associate this project directory with a Firebase project.
[info] You can create multiple project aliases by running firebase use --add, 
[info] but for now we'll just set up a default project.
[info] 
[debug] [2024-12-07T14:18:04.062Z] Using project from CLI flag: fir-series-d4263
[debug] [2024-12-07T14:18:04.063Z] Checked if tokens are valid: true, expires at: 1733584417272
[debug] [2024-12-07T14:18:04.063Z] Checked if tokens are valid: true, expires at: 1733584417272
[debug] [2024-12-07T14:18:04.064Z] >>> [apiv2][query] GET https://firebase.googleapis.com/v1beta1/projects/fir-series-d4263 [none]
[debug] [2024-12-07T14:18:04.878Z] <<< [apiv2][status] GET https://firebase.googleapis.com/v1beta1/projects/fir-series-d4263 200
[debug] [2024-12-07T14:18:04.878Z] <<< [apiv2][body] GET https://firebase.googleapis.com/v1beta1/projects/fir-series-d4263 {"projectId":"fir-series-d4263","projectNumber":"222890649749","displayName":"Firebase Series","name":"projects/fir-series-d4263","resources":{"hostingSite":"fir-series-d4263"},"state":"ACTIVE","etag":"1_49e1f760-98e2-4cd9-a8c3-de5bc1fed035"}
[info] i  Using project fir-series-d4263 (Firebase Series) 
[info] 
=== Firestore Setup
[debug] [2024-12-07T14:18:04.889Z] Checked if tokens are valid: true, expires at: 1733584417272
[debug] [2024-12-07T14:18:04.889Z] Checked if tokens are valid: true, expires at: 1733584417272
[debug] [2024-12-07T14:18:04.889Z] >>> [apiv2][query] GET https://serviceusage.googleapis.com/v1/projects/fir-series-d4263/services/firestore.googleapis.com [none]
[debug] [2024-12-07T14:18:04.889Z] >>> [apiv2][(partial)header] GET https://serviceusage.googleapis.com/v1/projects/fir-series-d4263/services/firestore.googleapis.com x-goog-quota-user=projects/fir-series-d4263
[debug] [2024-12-07T14:18:06.765Z] <<< [apiv2][status] GET https://serviceusage.googleapis.com/v1/projects/fir-series-d4263/services/firestore.googleapis.com 200
[debug] [2024-12-07T14:18:06.765Z] <<< [apiv2][body] GET https://serviceusage.googleapis.com/v1/projects/fir-series-d4263/services/firestore.googleapis.com [omitted]
[debug] [2024-12-07T14:18:06.765Z] Checked if tokens are valid: true, expires at: 1733584417272
[debug] [2024-12-07T14:18:06.765Z] Checked if tokens are valid: true, expires at: 1733584417272
[debug] [2024-12-07T14:18:06.765Z] >>> [apiv2][query] GET https://firestore.googleapis.com/v1/projects/fir-series-d4263/databases/(default) [none]
[debug] [2024-12-07T14:18:08.759Z] <<< [apiv2][status] GET https://firestore.googleapis.com/v1/projects/fir-series-d4263/databases/(default) 200
[debug] [2024-12-07T14:18:08.759Z] <<< [apiv2][body] GET https://firestore.googleapis.com/v1/projects/fir-series-d4263/databases/(default) {"name":"projects/fir-series-d4263/databases/(default)","uid":"93ab6653-67b8-4a91-abe5-d34e9344fae4","createTime":"2024-12-07T14:12:49.893722Z","updateTime":"2024-12-07T14:12:49.893722Z","locationId":"nam5","type":"FIRESTORE_NATIVE","concurrencyMode":"PESSIMISTIC","versionRetentionPeriod":"3600s","earliestVersionTime":"2024-12-07T14:12:49.893722Z","appEngineIntegrationMode":"DISABLED","keyPrefix":"s","pointInTimeRecoveryEnablement":"POINT_IN_TIME_RECOVERY_DISABLED","deleteProtectionState":"DELETE_PROTECTION_DISABLED","etag":"IIOh4efslYoDMLTRuK3slYoD"}
[debug] [2024-12-07T14:18:08.759Z] database_type: FIRESTORE_NATIVE
[debug] [2024-12-07T14:18:08.759Z] database_type: FIRESTORE_NATIVE
[debug] [2024-12-07T14:18:08.759Z] > command requires scopes: ["email","openid","https://www.googleapis.com/auth/cloudplatformprojects.readonly","https://www.googleapis.com/auth/firebase","https://www.googleapis.com/auth/cloud-platform"]
[debug] [2024-12-07T14:18:08.759Z] > authorizing via signed-in user (harshitvyas880@gmail.com)
[debug] [2024-12-07T14:18:08.760Z] [iam] checking project fir-series-d4263 for permissions ["firebase.projects.get"]
[debug] [2024-12-07T14:18:08.760Z] Checked if tokens are valid: true, expires at: 1733584417272
[debug] [2024-12-07T14:18:08.760Z] Checked if tokens are valid: true, expires at: 1733584417272
[debug] [2024-12-07T14:18:08.760Z] >>> [apiv2][query] POST https://cloudresourcemanager.googleapis.com/v1/projects/fir-series-d4263:testIamPermissions [none]
[debug] [2024-12-07T14:18:08.760Z] >>> [apiv2][(partial)header] POST https://cloudresourcemanager.googleapis.com/v1/projects/fir-series-d4263:testIamPermissions x-goog-quota-user=projects/fir-series-d4263
[debug] [2024-12-07T14:18:08.760Z] >>> [apiv2][body] POST https://cloudresourcemanager.googleapis.com/v1/projects/fir-series-d4263:testIamPermissions {"permissions":["firebase.projects.get"]}
[debug] [2024-12-07T14:18:10.359Z] <<< [apiv2][status] POST https://cloudresourcemanager.googleapis.com/v1/projects/fir-series-d4263:testIamPermissions 200
[debug] [2024-12-07T14:18:10.359Z] <<< [apiv2][body] POST https://cloudresourcemanager.googleapis.com/v1/projects/fir-series-d4263:testIamPermissions {"permissions":["firebase.projects.get"]}
[info] 
[info] Firestore Security Rules allow you to define how and when to allow
[info] requests. You can keep these rules in your project directory
[info] and publish them with firebase deploy.
[info] 
